<?xml version="1.0" encoding="UTF-8"?>
<!-- Generated by org.testng.reporters.JUnitReportReporter -->
<testsuite hostname="LAPTOP-9E66PN5I" failures="0" tests="2" name="testNG.DataP" time="0.016" errors="0" timestamp="2025-03-05T20:33:14 IST" skipped="0">
  <testcase classname="testNG.DataP" name="myTest" time="0.014"/>
  <system-out/>
  <testcase classname="testNG.DataP" name="myTest" time="0.002"/>
  <system-out/>
</testsuite> <!-- testNG.DataP -->
