<?xml version="1.0" encoding="UTF-8"?>
<!-- Generated by org.testng.reporters.JUnitReportReporter -->
<testsuite hostname="LAPTOP-9E66PN5I" failures="0" tests="2" name="testNG.testNGDemo1" time="0.023" errors="0" timestamp="2025-03-11T14:07:31 IST" skipped="1">
  <testcase classname="testNG.testNGDemo1" name="TC2" time="0.023"/>
  <system-out/>
  <testcase classname="testNG.testNGDemo1" name="TC1">
    <skipped/>
  </testcase> <!-- TC1 -->
  <system-out/>
</testsuite> <!-- testNG.testNGDemo1 -->
