<?xml version="1.0" encoding="UTF-8"?>
<!-- Generated by org.testng.reporters.JUnitReportReporter -->
<testsuite hostname="LAPTOP-9E66PN5I" failures="0" tests="2" name="testNG.ParameterDemo" time="0.029" errors="0" timestamp="2025-03-05T17:18:48 IST" skipped="0">
  <testcase classname="testNG.ParameterDemo" name="sub" time="0.027"/>
  <system-out/>
  <testcase classname="testNG.ParameterDemo" name="sum" time="0.002"/>
  <system-out/>
</testsuite> <!-- testNG.ParameterDemo -->
