<?xml version="1.0" encoding="UTF-8"?>
<!-- Generated by org.testng.reporters.JUnitReportReporter -->
<testsuite hostname="LAPTOP-9E66PN5I" failures="0" tests="1" name="testNG.testNGDemo2" time="0.019" errors="0" timestamp="2025-03-11T14:07:46 IST" skipped="0">
  <testcase classname="testNG.testNGDemo2" name="SampleTC" time="0.019"/>
  <system-out/>
</testsuite> <!-- testNG.testNGDemo2 -->
