<?xml version="1.0" encoding="UTF-8"?>
<!-- Generated by org.testng.reporters.JUnitReportReporter -->
<testsuite hostname="LAPTOP-9E66PN5I" failures="0" tests="2" name="testNG.Assertions" time="0.036" errors="0" timestamp="2025-03-04T11:55:03 IST" skipped="1">
  <testcase classname="testNG.Assertions" name="TC2" time="0.036"/>
  <system-out/>
  <testcase classname="testNG.Assertions" name="TC1">
    <skipped/>
  </testcase> <!-- TC1 -->
  <system-out/>
</testsuite> <!-- testNG.Assertions -->
