<?xml version="1.0" encoding="UTF-8"?>
<!-- Generated by org.testng.reporters.JUnitReportReporter -->
<testsuite hostname="LAPTOP-9E66PN5I" failures="0" tests="2" name="testNG.Demo3" time="0.046" errors="0" timestamp="2025-03-04T10:19:50 IST" skipped="1">
  <testcase classname="testNG.Demo3" name="TC2" time="0.046"/>
  <system-out/>
  <testcase classname="testNG.Demo3" name="TC1">
    <skipped/>
  </testcase> <!-- TC1 -->
  <system-out/>
</testsuite> <!-- testNG.Demo3 -->
