<?xml version="1.0" encoding="UTF-8"?>
<!-- Generated by org.testng.reporters.JUnitReportReporter -->
<testsuite hostname="LAPTOP-9E66PN5I" failures="0" tests="2" name="testNG.SignIn" time="0.028" errors="0" timestamp="2025-03-04T11:36:09 IST" skipped="0">
  <testcase classname="testNG.SignIn" name="Assign" time="0.008"/>
  <system-out/>
  <testcase classname="testNG.SignIn" name="openBrowser" time="0.020"/>
  <system-out/>
</testsuite> <!-- testNG.SignIn -->
