<?xml version="1.0" encoding="UTF-8"?>
<!-- Generated by org.testng.reporters.JUnitReportReporter -->
<testsuite hostname="LAPTOP-9E66PN5I" failures="0" tests="3" name="testNG.DependsTest" time="15.717" errors="0" timestamp="2025-03-11T14:08:39 IST" skipped="0">
  <testcase classname="testNG.DependsTest" name="viewDashBoard" time="5.897"/>
  <system-out/>
  <testcase classname="testNG.DependsTest" name="AsignIn" time="3.140"/>
  <system-out/>
  <testcase classname="testNG.DependsTest" name="openBrowser" time="6.680"/>
  <system-out/>
</testsuite> <!-- testNG.DependsTest -->
