<?xml version="1.0" encoding="UTF-8"?>
<!-- Generated by org.testng.reporters.JUnitReportReporter -->
<testsuite hostname="LAPTOP-9E66PN5I" failures="0" tests="3" name="testNG.DependsTest" time="12.729" errors="0" timestamp="2025-03-11T14:15:44 IST" skipped="0">
  <testcase classname="testNG.DependsTest" name="openBrowser" time="5.094"/>
  <system-out/>
  <testcase classname="testNG.DependsTest" name="AsignIn" time="3.220"/>
  <system-out/>
  <testcase classname="testNG.DependsTest" name="viewDashBoard" time="4.415"/>
  <system-out/>
</testsuite> <!-- testNG.DependsTest -->
